<?xml version="1.0" encoding="UTF-8"?>
<testsuite xmlns:xsi="http://www.w3.org/2001/XMLSchema-instance" xsi:noNamespaceSchemaLocation="https://maven.apache.org/surefire/maven-surefire-plugin/xsd/surefire-test-report-3.0.xsd" version="3.0" name="login.RunLoginTest" time="0.152" tests="3" errors="0" skipped="0" failures="0">
  <properties>
    <property name="sun.desktop" value="windows"/>
    <property name="awt.toolkit" value="sun.awt.windows.WToolkit"/>
    <property name="file.encoding.pkg" value="sun.io"/>
    <property name="java.specification.version" value="1.8"/>
    <property name="sun.cpu.isalist" value="amd64"/>
    <property name="sun.jnu.encoding" value="Cp1252"/>
    <property name="java.class.path" value="C:\Users\NEYFFER PALACIOS\Documents\Projects\Automation\Tutotrial Cucumber\hellocucumber\target\test-classes;C:\Users\NEYFFER PALACIOS\Documents\Projects\Automation\Tutotrial Cucumber\hellocucumber\target\classes;C:\Users\NEYFFER PALACIOS\.m2\repository\io\cucumber\cucumber-java\7.0.0\cucumber-java-7.0.0.jar;C:\Users\NEYFFER PALACIOS\.m2\repository\io\cucumber\cucumber-core\7.0.0\cucumber-core-7.0.0.jar;C:\Users\NEYFFER PALACIOS\.m2\repository\io\cucumber\cucumber-gherkin\7.0.0\cucumber-gherkin-7.0.0.jar;C:\Users\NEYFFER PALACIOS\.m2\repository\io\cucumber\cucumber-gherkin-messages\7.0.0\cucumber-gherkin-messages-7.0.0.jar;C:\Users\NEYFFER PALACIOS\.m2\repository\io\cucumber\messages\17.1.1\messages-17.1.1.jar;C:\Users\NEYFFER PALACIOS\.m2\repository\io\cucumber\tag-expressions\4.0.2\tag-expressions-4.0.2.jar;C:\Users\NEYFFER PALACIOS\.m2\repository\io\cucumber\cucumber-expressions\13.0.1\cucumber-expressions-13.0.1.jar;C:\Users\NEYFFER PALACIOS\.m2\repository\io\cucumber\datatable\7.0.0\datatable-7.0.0.jar;C:\Users\NEYFFER PALACIOS\.m2\repository\io\cucumber\cucumber-plugin\7.0.0\cucumber-plugin-7.0.0.jar;C:\Users\NEYFFER PALACIOS\.m2\repository\io\cucumber\docstring\7.0.0\docstring-7.0.0.jar;C:\Users\NEYFFER PALACIOS\.m2\repository\io\cucumber\html-formatter\17.0.0\html-formatter-17.0.0.jar;C:\Users\NEYFFER PALACIOS\.m2\repository\io\cucumber\create-meta\6.0.1\create-meta-6.0.1.jar;C:\Users\NEYFFER PALACIOS\.m2\repository\org\apiguardian\apiguardian-api\1.1.2\apiguardian-api-1.1.2.jar;C:\Users\NEYFFER PALACIOS\.m2\repository\io\cucumber\cucumber-junit-platform-engine\7.0.0\cucumber-junit-platform-engine-7.0.0.jar;C:\Users\NEYFFER PALACIOS\.m2\repository\org\junit\platform\junit-platform-engine\1.8.1\junit-platform-engine-1.8.1.jar;C:\Users\NEYFFER PALACIOS\.m2\repository\org\opentest4j\opentest4j\1.2.0\opentest4j-1.2.0.jar;C:\Users\NEYFFER PALACIOS\.m2\repository\org\junit\platform\junit-platform-commons\1.8.1\junit-platform-commons-1.8.1.jar;C:\Users\NEYFFER PALACIOS\.m2\repository\org\junit\platform\junit-platform-suite\1.8.1\junit-platform-suite-1.8.1.jar;C:\Users\NEYFFER PALACIOS\.m2\repository\org\junit\platform\junit-platform-suite-api\1.8.1\junit-platform-suite-api-1.8.1.jar;C:\Users\NEYFFER PALACIOS\.m2\repository\org\junit\platform\junit-platform-suite-engine\1.8.1\junit-platform-suite-engine-1.8.1.jar;C:\Users\NEYFFER PALACIOS\.m2\repository\org\junit\platform\junit-platform-suite-commons\1.8.1\junit-platform-suite-commons-1.8.1.jar;C:\Users\NEYFFER PALACIOS\.m2\repository\org\junit\platform\junit-platform-launcher\1.8.1\junit-platform-launcher-1.8.1.jar;C:\Users\NEYFFER PALACIOS\.m2\repository\org\junit\jupiter\junit-jupiter\5.8.1\junit-jupiter-5.8.1.jar;C:\Users\NEYFFER PALACIOS\.m2\repository\org\junit\jupiter\junit-jupiter-api\5.8.1\junit-jupiter-api-5.8.1.jar;C:\Users\NEYFFER PALACIOS\.m2\repository\org\junit\jupiter\junit-jupiter-params\5.8.1\junit-jupiter-params-5.8.1.jar;C:\Users\NEYFFER PALACIOS\.m2\repository\org\junit\jupiter\junit-jupiter-engine\5.8.1\junit-jupiter-engine-5.8.1.jar;C:\Users\NEYFFER PALACIOS\.m2\repository\io\cucumber\cucumber-junit\6.11.0\cucumber-junit-6.11.0.jar;C:\Users\NEYFFER PALACIOS\.m2\repository\junit\junit\4.13.2\junit-4.13.2.jar;C:\Users\NEYFFER PALACIOS\.m2\repository\org\hamcrest\hamcrest-core\1.3\hamcrest-core-1.3.jar;C:\Users\NEYFFER PALACIOS\.m2\repository\org\seleniumhq\selenium\selenium-chrome-driver\3.141.59\selenium-chrome-driver-3.141.59.jar;C:\Users\NEYFFER PALACIOS\.m2\repository\org\seleniumhq\selenium\selenium-api\3.141.59\selenium-api-3.141.59.jar;C:\Users\NEYFFER PALACIOS\.m2\repository\org\seleniumhq\selenium\selenium-remote-driver\3.141.59\selenium-remote-driver-3.141.59.jar;C:\Users\NEYFFER PALACIOS\.m2\repository\net\bytebuddy\byte-buddy\1.8.15\byte-buddy-1.8.15.jar;C:\Users\NEYFFER PALACIOS\.m2\repository\org\apache\commons\commons-exec\1.3\commons-exec-1.3.jar;C:\Users\NEYFFER PALACIOS\.m2\repository\com\google\guava\guava\25.0-jre\guava-25.0-jre.jar;C:\Users\NEYFFER PALACIOS\.m2\repository\com\google\code\findbugs\jsr305\1.3.9\jsr305-1.3.9.jar;C:\Users\NEYFFER PALACIOS\.m2\repository\org\checkerframework\checker-compat-qual\2.0.0\checker-compat-qual-2.0.0.jar;C:\Users\NEYFFER PALACIOS\.m2\repository\com\google\errorprone\error_prone_annotations\2.1.3\error_prone_annotations-2.1.3.jar;C:\Users\NEYFFER PALACIOS\.m2\repository\com\google\j2objc\j2objc-annotations\1.1\j2objc-annotations-1.1.jar;C:\Users\NEYFFER PALACIOS\.m2\repository\org\codehaus\mojo\animal-sniffer-annotations\1.14\animal-sniffer-annotations-1.14.jar;C:\Users\NEYFFER PALACIOS\.m2\repository\com\squareup\okhttp3\okhttp\3.11.0\okhttp-3.11.0.jar;C:\Users\NEYFFER PALACIOS\.m2\repository\com\squareup\okio\okio\1.14.0\okio-1.14.0.jar;"/>
    <property name="java.vm.vendor" value="Oracle Corporation"/>
    <property name="sun.arch.data.model" value="64"/>
    <property name="user.variant" value=""/>
    <property name="java.vendor.url" value="http://java.oracle.com/"/>
    <property name="user.timezone" value="America/Bogota"/>
    <property name="java.vm.specification.version" value="1.8"/>
    <property name="os.name" value="Windows 10"/>
    <property name="user.country" value="US"/>
    <property name="sun.java.launcher" value="SUN_STANDARD"/>
    <property name="sun.boot.library.path" value="C:\Program Files\Java\jdk1.8.0_211\jre\bin"/>
    <property name="sun.java.command" value="C:\Users\NEYFFER PALACIOS\AppData\Local\Temp\surefire2704031599631900120\surefirebooter7058591969038895961.jar C:\Users\NEYFFER PALACIOS\AppData\Local\Temp\surefire2704031599631900120 2022-05-30T11-36-54_773-jvmRun1 surefire8253581627414871202tmp surefire_04530751855820504455tmp"/>
    <property name="surefire.test.class.path" value="C:\Users\NEYFFER PALACIOS\Documents\Projects\Automation\Tutotrial Cucumber\hellocucumber\target\test-classes;C:\Users\NEYFFER PALACIOS\Documents\Projects\Automation\Tutotrial Cucumber\hellocucumber\target\classes;C:\Users\NEYFFER PALACIOS\.m2\repository\io\cucumber\cucumber-java\7.0.0\cucumber-java-7.0.0.jar;C:\Users\NEYFFER PALACIOS\.m2\repository\io\cucumber\cucumber-core\7.0.0\cucumber-core-7.0.0.jar;C:\Users\NEYFFER PALACIOS\.m2\repository\io\cucumber\cucumber-gherkin\7.0.0\cucumber-gherkin-7.0.0.jar;C:\Users\NEYFFER PALACIOS\.m2\repository\io\cucumber\cucumber-gherkin-messages\7.0.0\cucumber-gherkin-messages-7.0.0.jar;C:\Users\NEYFFER PALACIOS\.m2\repository\io\cucumber\messages\17.1.1\messages-17.1.1.jar;C:\Users\NEYFFER PALACIOS\.m2\repository\io\cucumber\tag-expressions\4.0.2\tag-expressions-4.0.2.jar;C:\Users\NEYFFER PALACIOS\.m2\repository\io\cucumber\cucumber-expressions\13.0.1\cucumber-expressions-13.0.1.jar;C:\Users\NEYFFER PALACIOS\.m2\repository\io\cucumber\datatable\7.0.0\datatable-7.0.0.jar;C:\Users\NEYFFER PALACIOS\.m2\repository\io\cucumber\cucumber-plugin\7.0.0\cucumber-plugin-7.0.0.jar;C:\Users\NEYFFER PALACIOS\.m2\repository\io\cucumber\docstring\7.0.0\docstring-7.0.0.jar;C:\Users\NEYFFER PALACIOS\.m2\repository\io\cucumber\html-formatter\17.0.0\html-formatter-17.0.0.jar;C:\Users\NEYFFER PALACIOS\.m2\repository\io\cucumber\create-meta\6.0.1\create-meta-6.0.1.jar;C:\Users\NEYFFER PALACIOS\.m2\repository\org\apiguardian\apiguardian-api\1.1.2\apiguardian-api-1.1.2.jar;C:\Users\NEYFFER PALACIOS\.m2\repository\io\cucumber\cucumber-junit-platform-engine\7.0.0\cucumber-junit-platform-engine-7.0.0.jar;C:\Users\NEYFFER PALACIOS\.m2\repository\org\junit\platform\junit-platform-engine\1.8.1\junit-platform-engine-1.8.1.jar;C:\Users\NEYFFER PALACIOS\.m2\repository\org\opentest4j\opentest4j\1.2.0\opentest4j-1.2.0.jar;C:\Users\NEYFFER PALACIOS\.m2\repository\org\junit\platform\junit-platform-commons\1.8.1\junit-platform-commons-1.8.1.jar;C:\Users\NEYFFER PALACIOS\.m2\repository\org\junit\platform\junit-platform-suite\1.8.1\junit-platform-suite-1.8.1.jar;C:\Users\NEYFFER PALACIOS\.m2\repository\org\junit\platform\junit-platform-suite-api\1.8.1\junit-platform-suite-api-1.8.1.jar;C:\Users\NEYFFER PALACIOS\.m2\repository\org\junit\platform\junit-platform-suite-engine\1.8.1\junit-platform-suite-engine-1.8.1.jar;C:\Users\NEYFFER PALACIOS\.m2\repository\org\junit\platform\junit-platform-suite-commons\1.8.1\junit-platform-suite-commons-1.8.1.jar;C:\Users\NEYFFER PALACIOS\.m2\repository\org\junit\platform\junit-platform-launcher\1.8.1\junit-platform-launcher-1.8.1.jar;C:\Users\NEYFFER PALACIOS\.m2\repository\org\junit\jupiter\junit-jupiter\5.8.1\junit-jupiter-5.8.1.jar;C:\Users\NEYFFER PALACIOS\.m2\repository\org\junit\jupiter\junit-jupiter-api\5.8.1\junit-jupiter-api-5.8.1.jar;C:\Users\NEYFFER PALACIOS\.m2\repository\org\junit\jupiter\junit-jupiter-params\5.8.1\junit-jupiter-params-5.8.1.jar;C:\Users\NEYFFER PALACIOS\.m2\repository\org\junit\jupiter\junit-jupiter-engine\5.8.1\junit-jupiter-engine-5.8.1.jar;C:\Users\NEYFFER PALACIOS\.m2\repository\io\cucumber\cucumber-junit\6.11.0\cucumber-junit-6.11.0.jar;C:\Users\NEYFFER PALACIOS\.m2\repository\junit\junit\4.13.2\junit-4.13.2.jar;C:\Users\NEYFFER PALACIOS\.m2\repository\org\hamcrest\hamcrest-core\1.3\hamcrest-core-1.3.jar;C:\Users\NEYFFER PALACIOS\.m2\repository\org\seleniumhq\selenium\selenium-chrome-driver\3.141.59\selenium-chrome-driver-3.141.59.jar;C:\Users\NEYFFER PALACIOS\.m2\repository\org\seleniumhq\selenium\selenium-api\3.141.59\selenium-api-3.141.59.jar;C:\Users\NEYFFER PALACIOS\.m2\repository\org\seleniumhq\selenium\selenium-remote-driver\3.141.59\selenium-remote-driver-3.141.59.jar;C:\Users\NEYFFER PALACIOS\.m2\repository\net\bytebuddy\byte-buddy\1.8.15\byte-buddy-1.8.15.jar;C:\Users\NEYFFER PALACIOS\.m2\repository\org\apache\commons\commons-exec\1.3\commons-exec-1.3.jar;C:\Users\NEYFFER PALACIOS\.m2\repository\com\google\guava\guava\25.0-jre\guava-25.0-jre.jar;C:\Users\NEYFFER PALACIOS\.m2\repository\com\google\code\findbugs\jsr305\1.3.9\jsr305-1.3.9.jar;C:\Users\NEYFFER PALACIOS\.m2\repository\org\checkerframework\checker-compat-qual\2.0.0\checker-compat-qual-2.0.0.jar;C:\Users\NEYFFER PALACIOS\.m2\repository\com\google\errorprone\error_prone_annotations\2.1.3\error_prone_annotations-2.1.3.jar;C:\Users\NEYFFER PALACIOS\.m2\repository\com\google\j2objc\j2objc-annotations\1.1\j2objc-annotations-1.1.jar;C:\Users\NEYFFER PALACIOS\.m2\repository\org\codehaus\mojo\animal-sniffer-annotations\1.14\animal-sniffer-annotations-1.14.jar;C:\Users\NEYFFER PALACIOS\.m2\repository\com\squareup\okhttp3\okhttp\3.11.0\okhttp-3.11.0.jar;C:\Users\NEYFFER PALACIOS\.m2\repository\com\squareup\okio\okio\1.14.0\okio-1.14.0.jar;"/>
    <property name="sun.cpu.endian" value="little"/>
    <property name="user.home" value="C:\Users\NEYFFER PALACIOS"/>
    <property name="user.language" value="en"/>
    <property name="java.specification.vendor" value="Oracle Corporation"/>
    <property name="java.home" value="C:\Program Files\Java\jdk1.8.0_211\jre"/>
    <property name="basedir" value="C:\Users\NEYFFER PALACIOS\Documents\Projects\Automation\Tutotrial Cucumber\hellocucumber"/>
    <property name="file.separator" value="\"/>
    <property name="line.separator" value="&#10;"/>
    <property name="java.vm.specification.vendor" value="Oracle Corporation"/>
    <property name="java.specification.name" value="Java Platform API Specification"/>
    <property name="java.awt.graphicsenv" value="sun.awt.Win32GraphicsEnvironment"/>
    <property name="surefire.real.class.path" value="C:\Users\NEYFFER PALACIOS\AppData\Local\Temp\surefire2704031599631900120\surefirebooter7058591969038895961.jar"/>
    <property name="sun.boot.class.path" value="C:\Program Files\Java\jdk1.8.0_211\jre\lib\resources.jar;C:\Program Files\Java\jdk1.8.0_211\jre\lib\rt.jar;C:\Program Files\Java\jdk1.8.0_211\jre\lib\sunrsasign.jar;C:\Program Files\Java\jdk1.8.0_211\jre\lib\jsse.jar;C:\Program Files\Java\jdk1.8.0_211\jre\lib\jce.jar;C:\Program Files\Java\jdk1.8.0_211\jre\lib\charsets.jar;C:\Program Files\Java\jdk1.8.0_211\jre\lib\jfr.jar;C:\Program Files\Java\jdk1.8.0_211\jre\classes"/>
    <property name="user.script" value=""/>
    <property name="sun.management.compiler" value="HotSpot 64-Bit Tiered Compilers"/>
    <property name="java.runtime.version" value="1.8.0_211-b12"/>
    <property name="user.name" value="NEYFFER PALACIOS"/>
    <property name="path.separator" value=";"/>
    <property name="os.version" value="10.0"/>
    <property name="java.endorsed.dirs" value="C:\Program Files\Java\jdk1.8.0_211\jre\lib\endorsed"/>
    <property name="java.runtime.name" value="Java(TM) SE Runtime Environment"/>
    <property name="file.encoding" value="Cp1252"/>
    <property name="java.vm.name" value="Java HotSpot(TM) 64-Bit Server VM"/>
    <property name="localRepository" value="C:\Users\NEYFFER PALACIOS\.m2\repository"/>
    <property name="java.vendor.url.bug" value="http://bugreport.sun.com/bugreport/"/>
    <property name="java.io.tmpdir" value="C:\Users\NEYFFE~1\AppData\Local\Temp\"/>
    <property name="java.version" value="1.8.0_211"/>
    <property name="user.dir" value="C:\Users\NEYFFER PALACIOS\Documents\Projects\Automation\Tutotrial Cucumber\hellocucumber"/>
    <property name="os.arch" value="amd64"/>
    <property name="java.vm.specification.name" value="Java Virtual Machine Specification"/>
    <property name="java.awt.printerjob" value="sun.awt.windows.WPrinterJob"/>
    <property name="sun.os.patch.level" value=""/>
    <property name="java.library.path" value="C:\Program Files\Java\jdk1.8.0_211\jre\bin;C:\Windows\Sun\Java\bin;C:\Windows\system32;C:\Windows;C:\Program Files\Common Files\Oracle\Java\javapath;C:\Program Files (x86)\Common Files\Oracle\Java\javapath;C:\Windows\system32;C:\Windows;C:\Windows\System32\Wbem;C:\Windows\System32\WindowsPowerShell\v1.0\;C:\Windows\System32\OpenSSH\;C:\Gradle\gradle-7.4.1\bin;C:\Maven\apache-maven-3.8.5\bin;C:\Program Files\Java\jdk-11.0.13\bin;C:\Program Files\Java\jdk1.8.0_211\bin;C:\Jmeter\apache-jmeter-5.4.3\bin;C:\Program Files\Git\cmd;C:\Users\NEYFFER PALACIOS\AppData\Local\Microsoft\WindowsApps;;C:\Users\NEYFFER PALACIOS\AppData\Local\Programs\Microsoft VS Code\bin;."/>
    <property name="java.vm.info" value="mixed mode"/>
    <property name="java.vendor" value="Oracle Corporation"/>
    <property name="java.vm.version" value="25.211-b12"/>
    <property name="java.ext.dirs" value="C:\Program Files\Java\jdk1.8.0_211\jre\lib\ext;C:\Windows\Sun\Java\lib\ext"/>
    <property name="sun.io.unicode.encoding" value="UnicodeLittle"/>
    <property name="java.class.version" value="52.0"/>
  </properties>
  <testcase name="Example #1" classname="Examples" time="0.066">
    <system-out><![CDATA[
@LoginCorrectCredentials
Scenario Outline: Login with the correct credentials                &amp#27;[90m# login/login.feature:12&amp#27;[0m
Login page
  &amp#27;[32mGiven &amp#27;[0m&amp#27;[32mI am in the login page of Ottomoto&amp#27;[0m                          &amp#27;[90m# login.StepLogin.i_am_in_the_login_page_of_ottomoto()&amp#27;[0m
Username tonyffer7@hotmail.com and Password 123* correctly
  &amp#27;[32mWhen &amp#27;[0m&amp#27;[32mI input the &amp#27;[0m&amp#27;[32m&amp#27;[1m"tonyffer7@hotmail.com"&amp#27;[0m&amp#27;[32m and the &amp#27;[0m&amp#27;[32m&amp#27;[1m"123*"&amp#27;[0m&amp#27;[32m correctly&amp#27;[0m &amp#27;[90m# login.StepLogin.i_input_the_and_the_correctly(java.lang.String,java.lang.String)&amp#27;[0m
Successfully login
  &amp#27;[32mThen &amp#27;[0m&amp#27;[32mI should be logged in the home page&amp#27;[0m                          &amp#27;[90m# login.StepLogin.i_should_be_logged_in_the_home_page()&amp#27;[0m
]]></system-out>
  </testcase>
  <testcase name="Example #1" classname="Examples" time="0.005">
    <system-out><![CDATA[
@LoginWrongCredentials
Scenario Outline: Login with the wrong credentials                      &amp#27;[90m# login/login.feature:24&amp#27;[0m
Login page
  &amp#27;[32mGiven &amp#27;[0m&amp#27;[32mI am in the login page of Ottomoto&amp#27;[0m                              &amp#27;[90m# login.StepLogin.i_am_in_the_login_page_of_ottomoto()&amp#27;[0m
Username tonyffer7@hotmail.com and Password 12345* incorrectly
  &amp#27;[32mWhen &amp#27;[0m&amp#27;[32mI input the &amp#27;[0m&amp#27;[32m&amp#27;[1m"tonyffer7@hotmail.com"&amp#27;[0m&amp#27;[32m and the &amp#27;[0m&amp#27;[32m&amp#27;[1m"12345*"&amp#27;[0m&amp#27;[32m incorrectly&amp#27;[0m &amp#27;[90m# login.StepLogin.iInputTheAndTheIncorrectly(java.lang.String,java.lang.String)&amp#27;[0m
Wrong credentials!!
  &amp#27;[32mThen &amp#27;[0m&amp#27;[32mI should get a wrong credentials message&amp#27;[0m                         &amp#27;[90m# login.StepLogin.iShouldGetAWrongCredentialsMessage()&amp#27;[0m
]]></system-out>
  </testcase>
  <testcase name="Example #1" classname="Examples" time="0.005">
    <system-out><![CDATA[
@LoginInvalidEmailFormat
Scenario Outline: Login with invalid email format                             &amp#27;[90m# login/login.feature:35&amp#27;[0m
Login page
  &amp#27;[32mGiven &amp#27;[0m&amp#27;[32mI am in the login page of Ottomoto&amp#27;[0m                                    &amp#27;[90m# login.StepLogin.i_am_in_the_login_page_of_ottomoto()&amp#27;[0m
Username tonyffer7*g.com and Password 123* invalid email
  &amp#27;[32mWhen &amp#27;[0m&amp#27;[32mI input the &amp#27;[0m&amp#27;[32m&amp#27;[1m"tonyffer7*g.com"&amp#27;[0m&amp#27;[32m and the &amp#27;[0m&amp#27;[32m&amp#27;[1m"123*"&amp#27;[0m&amp#27;[32m with invalid email format&amp#27;[0m &amp#27;[90m# login.StepLogin.iInputTheAndTheWithInvalidEmailFormat(java.lang.String,java.lang.String)&amp#27;[0m
Invalid email!!
  &amp#27;[32mThen &amp#27;[0m&amp#27;[32mI should get a invalid email format message&amp#27;[0m                            &amp#27;[90m# login.StepLogin.iShouldGetAInvalidEmailFormatMessage()&amp#27;[0m
]]></system-out>
  </testcase>
</testsuite>